Microsoft (R) Macro Assembler Version 12.00.30501.0	    12/02/14 15:03:57
Encryption UI (Encrypt_UI.asm				     Page 1 - 1


				TITLE Encryption UI (Encrypt_UI.asm)
				; Description:
				; Revision Date:

				INCLUDE Irvine32.inc
			      C ; Include file for Irvine32.lib             (Irvine32.inc)
			      C 
			      C ;OPTION CASEMAP:NONE		; optional: make identifiers case-sensitive
			      C 
			      C INCLUDE SmallWin.inc		; MS-Windows prototypes, structures, and constants
			      C .NOLIST
			      C .LIST
			      C 
			      C INCLUDE VirtualKeys.inc
			      C ; VirtualKeys.inc
			      C .NOLIST
			      C .LIST
			      C 
			      C 
			      C .NOLIST
			      C .LIST
			      C 

 00000000			.data

 = 00003A98			BUFFER = 15000					; Buffer for input file. Large enough to prevent overflow

				COMMENT !
				---------------------------------
				Error messages for openning file
				and reading the file.
				---------------------------------
				!

 00000000 45 72 72 6F 72	inputError	BYTE "Error: File did not open!", 0
	   3A 20 46 69 6C
	   65 20 64 69 64
	   20 6E 6F 74 20
	   6F 70 65 6E 21
	   00
 0000001A 45 72 72 6F 72	readinError BYTE "Error: Cannot read from file!", 0
	   3A 20 43 61 6E
	   6E 6F 74 20 72
	   65 61 64 20 66
	   72 6F 6D 20 66
	   69 6C 65 21 00
 00000038 45 72 72 6F 72	writeError	BYTE "Error: Cannot write to file!", 0
	   3A 20 43 61 6E
	   6E 6F 74 20 77
	   72 69 74 65 20
	   74 6F 20 66 69
	   6C 65 21 00

				COMMENT &
				---------------------------------
				Prompt for decrypt or encrypt
				Prompt for encryption keys.
				Separate n, e and d values
				---------------------------------
				&
 00000055 45 6E 74 65 72	cPrompt		BYTE "Enter (0) for Encryption or (1) for Decryption: ", 0
	   20 28 30 29 20
	   66 6F 72 20 45
	   6E 63 72 79 70
	   74 69 6F 6E 20
	   6F 72 20 28 31
	   29 20 66 6F 72
	   20 44 65 63 72
	   79 70 74 69 6F
	   6E 3A 20 00
 00000086 45 6E 74 65 72	nPrompt		BYTE "Enter n value of the key: ", 0
	   20 6E 20 76 61
	   6C 75 65 20 6F
	   66 20 74 68 65
	   20 6B 65 79 3A
	   20 00
 000000A1 45 6E 74 65 72	ePrompt	BYTE "Enter e value of the key: ", 0
	   20 65 20 76 61
	   6C 75 65 20 6F
	   66 20 74 68 65
	   20 6B 65 79 3A
	   20 00
 000000BC 45 6E 74 65 72	dPrompt	BYTE "Enter d value of the key: ", 0				;prompt only when decrypting(could be avoided if we store encrytion key values in a file)
	   20 64 20 76 61
	   6C 75 65 20 6F
	   66 20 74 68 65
	   20 6B 65 79 3A
	   20 00

 000000D7 00			choice		BYTE ?

				COMMENT %
				---------------------------------
				Store public and private key for
				encryption.
				---------------------------------
				%

 000000D8 00000000		nValue		DWORD ?
 000000DC 00000000		encryptKey	DWORD ?
 000000E0 00000000		decryptKey	DWORD ?


				COMMENT $
				---------------------------------
				Allocated memory for the input
				file portion of the program
				---------------------------------
				$

 000000E4 45 6E 74 65 72	inFilePrompt	BYTE "Enter the input file name: ", 0
	   20 74 68 65 20
	   69 6E 70 75 74
	   20 66 69 6C 65
	   20 6E 61 6D 65
	   3A 20 00
 00000100  0000001E [		iBuffer			BYTE 30 DUP(?)
	    00
	   ]
 0000011E 00000000		iByteCount		DWORD ?
 00000122 00000000		inFileName		DWORD ?
 00000126 00000000		fileHandle		DWORD ?

				COMMENT &
				---------------------------------
				Allocated memory for the output
				file portion of the program
				---------------------------------
				&

 0000012A 45 6E 74 65 72	outFilePrompt	BYTE "Enter desired output file name: ", 0
	   20 64 65 73 69
	   72 65 64 20 6F
	   75 74 70 75 74
	   20 66 69 6C 65
	   20 6E 61 6D 65
	   3A 20 00
 0000014B  0000001E [		oBuffer			BYTE 30 DUP(?)
	    00
	   ]
 00000169 00000000		outFilename		DWORD ?

				COMMENT !
				--------------------------------
				Allocated memory for input file
				data and data manipulation for
				encryption
				--------------------------------
				!

 0000016D  00003A98 [		fileData	BYTE	BUFFER DUP(?)
	    00
	   ]
				align		DWORD
 00003C08  00003A98 [		manipData	BYTE	BUFFER DUP(?)
	    00
	   ]
				align		DWORD

 00000000			.code
 00000000			main PROC

				COMMENT %
				---------------------------------------
				Prompt the user for either encryption
				or decryption.
				---------------------------------------
				%

 00000000			Initial:
 00000000  BA 00000055 R	mov edx, OFFSET cPrompt
 00000005  E8 00000000 E	call WriteString
 0000000A  BA 000000D7 R	mov edx, OFFSET choice
 0000000F  E8 00000000 E	call ReadInt
 00000014  83 FA 01		cmp edx, 1
 00000017  0F 84 000000EC	je Decrypt

				COMMENT $
				--------------------------------------
				Prompt the user for n value of the key
				and e value of the key
				--------------------------------------
				$

 0000001D  BA 00000086 R	mov edx, OFFSET nPrompt
 00000022  E8 00000000 E	call WriteString
 00000027  E8 00000000 E	call ReadInt
 0000002C  A3 000000D8 R	mov nValue, eax

 00000031  BA 000000A1 R	mov edx, OFFSET ePrompt
 00000036  E8 00000000 E	call WriteString
 0000003B  E8 00000000 E	call ReadInt
 00000040  A3 000000DC R	mov encryptKey, eax

				COMMENT &
				------------------------------------
				Prompt user for the input file name
				and store the file name
				------------------------------------
				&

 00000045  BA 000000E4 R	mov edx, OFFSET inFilePrompt
 0000004A  E8 00000000 E	call WriteString
 0000004F  BA 00000100 R	mov edx, OFFSET iBuffer
 00000054  B9 0000001E		mov ecx, SIZEOF iBuffer
 00000059  E8 00000000 E	call ReadString
 0000005E  A3 0000011E R	mov iByteCount, eax
 00000063  89 15 00000122 R	mov inFileName, edx

				COMMENT !
				------------------------------------
				Prompt user for the output file name
				and store the file name
				------------------------------------
				!

 00000069  BA 0000012A R	mov edx, OFFSET outFilePrompt
 0000006E  E8 00000000 E	call WriteString
 00000073  BA 0000014B R	mov edx, OFFSET oBuffer
 00000078  B9 0000001E		mov ecx, SIZEOF oBuffer
 0000007D  E8 00000000 E	call ReadString
 00000082  A3 0000011E R	mov iByteCount, eax
 00000087  89 15 00000169 R	mov outFilename, edx

				COMMENT %
				-------------------------------------
				Open user define file input
				-------------------------------------
				%

 0000008D  8B 15 00000122 R	mov edx, inFileName
 00000093  E8 00000000 E	call OpenInputFile
 00000098  83 F8 FF		cmp eax, INVALID_HANDLE_VALUE
 0000009B  0F 84 00000142	je OpenFileError
 000000A1  A3 00000126 R	mov fileHandle, eax

				COMMENT $
				------------------------------------
				Read from file
				------------------------------------
				$

 000000A6  A1 00000126 R	mov eax, fileHandle
 000000AB  BA 0000016D R	mov edx, OFFSET fileData
 000000B0  B9 00003A98		mov ecx, BUFFER
 000000B5  E8 00000000 E	call ReadFromFile
 000000BA  0F 82 00000137	jc	file_readError
 000000C0  A3 0000011E R	mov iByteCount, eax

 000000C5  A1 00000126 R	mov eax, fileHandle
 000000CA  E8 00000000 E	call CloseFile


				COMMENT &
				-------------------------------------
				call Encryption PROC here
				-------------------------------------
				&


				COMMENT !
				------------------------------------
				Create file and write to file
				------------------------------------
				!

 000000CF  BA 0000014B R	mov edx, OFFSET oBuffer
 000000D4  E8 00000000 E	call CreateOutputFile
 000000D9  A3 00000126 R	mov fileHandle, eax
 000000DE  BA 00003C08 R	mov edx, OFFSET manipData
 000000E3  B9 00003A98		mov ecx, BUFFER
 000000E8  E8 00000000 E	call WriteToFile
 000000ED  0F 82 00000118	jc writeFalse_Error
 000000F3  A3 0000011E R	mov iByteCount, eax

 000000F8  A1 00000126 R	mov eax, fileHandle
 000000FD  E8 00000000 E	call CloseFile

				exit
 00000102  6A 00	   *	    push   +000000000h
 00000104  E8 00000000 E   *	    call   ExitProcess




 00000109			Decrypt:

 00000109  BA 00000086 R	mov edx, OFFSET nPrompt
 0000010E  E8 00000000 E	call WriteString
 00000113  E8 00000000 E	call ReadInt
 00000118  A3 000000D8 R	mov nValue, eax

 0000011D  BA 000000BC R	mov edx, OFFSET dPrompt
 00000122  E8 00000000 E	call WriteString
 00000127  E8 00000000 E	call ReadInt
 0000012C  A3 000000E0 R	mov decryptKey, eax

				COMMENT &
				------------------------------------
				Prompt user for the input file name
				and store the file name
				------------------------------------
				&

 00000131  BA 000000E4 R	mov edx, OFFSET inFilePrompt
 00000136  E8 00000000 E	call WriteString
 0000013B  BA 00000100 R	mov edx, OFFSET iBuffer
 00000140  B9 0000001E		mov ecx, SIZEOF iBuffer
 00000145  E8 00000000 E	call ReadString
 0000014A  A3 0000011E R	mov iByteCount, eax
 0000014F  8B DA		mov ebx, edx
 00000151  89 1D 00000122 R	mov inFileName, ebx

				COMMENT !
				------------------------------------
				Prompt user for the output file name
				and store the file name
				------------------------------------
				!

 00000157  BA 0000012A R	mov edx, OFFSET outFilePrompt
 0000015C  E8 00000000 E	call WriteString
 00000161  BA 0000014B R	mov edx, OFFSET oBuffer
 00000166  B9 0000001E		mov ecx, SIZEOF oBuffer
 0000016B  E8 00000000 E	call ReadString
 00000170  A3 0000011E R	mov iByteCount, eax
 00000175  8B DA		mov ebx, edx
 00000177  89 1D 00000169 R	mov outFilename, ebx

				COMMENT %
				-------------------------------------
				Open user define file input
				-------------------------------------
				%

 0000017D  8B 15 00000122 R	mov edx, inFileName
 00000183  E8 00000000 E	call OpenInputFile
 00000188  83 F8 FF		cmp eax, INVALID_HANDLE_VALUE
 0000018B  74 56		je OpenFileError
 0000018D  A3 00000126 R	mov fileHandle, eax

				COMMENT $
				------------------------------------
				Read from file
				------------------------------------
				$

 00000192  A1 00000126 R	mov eax, fileHandle
 00000197  BA 0000016D R	mov edx, OFFSET fileData
 0000019C  B9 00003A98		mov ecx, BUFFER
 000001A1  E8 00000000 E	call ReadFromFile
 000001A6  72 4F		jc	file_readError
 000001A8  A3 0000011E R	mov iByteCount, eax

				COMMENT &
				-------------------------------------
				call Decryption PROC here
				-------------------------------------
				&

				COMMENT !
				------------------------------------
				Create file and write to file
				------------------------------------
				!

 000001AD  BA 00000169 R	mov edx, OFFSET outFilename
 000001B2  E8 00000000 E	call CreateOutputFile
 000001B7  A3 00000126 R	mov fileHandle, eax
 000001BC  BA 00003C08 R	mov edx, OFFSET manipData
 000001C1  B9 00003A98		mov ecx, BUFFER
 000001C6  E8 00000000 E	call WriteToFile
 000001CB  72 3E		jc writeFalse_Error
 000001CD  A3 0000011E R	mov iByteCount, eax

 000001D2  A1 00000126 R	mov eax, fileHandle
 000001D7  E8 00000000 E	call CloseFile

				exit
 000001DC  6A 00	   *	    push   +000000000h
 000001DE  E8 00000000 E   *	    call   ExitProcess


 000001E3			OpenFileError:
 000001E3  BA 00000000 R		mov edx, OFFSET inputError
 000001E8  E8 00000000 E		call WriteString
 000001ED  E8 00000000 E		call Crlf
 000001F2  E9 FFFFFE09			jmp Initial							; goes to the beginning of the program

 000001F7			file_readError:
 000001F7  BA 0000001A R		mov edx, OFFSET readinError
 000001FC  E8 00000000 E		call WriteString
 00000201  E8 00000000 E		call Crlf
 00000206  E9 FFFFFDF5			jmp Initial							; goes to the beginning of the program

 0000020B			writeFalse_Error:
 0000020B  BA 00000038 R		mov edx, OFFSET writeError
 00000210  E8 00000000 E		call WriteString
 00000215  E8 00000000 E		call Crlf
 0000021A  E9 FFFFFDE1			jmp Initial

 0000021F			main ENDP

				COMMENT !
				-----------------------------
				Encrytion procedure
				-----------------------------
				!

 0000021F			Encryption PROC

 0000021F			Encryption ENDP


				COMMENT %
				-----------------------------
				Decryption procedure
				-----------------------------
				%

 0000021F			Decryption PROC

 0000021F			Decryption ENDP

				END main
Microsoft (R) Macro Assembler Version 12.00.30501.0	    12/02/14 15:03:57
Encryption UI (Encrypt_UI.asm				     Symbols 2 - 1




Structures and Unions:

                N a m e                  Size
                                         Offset      Type

CONSOLE_CURSOR_INFO  . . . . . .	 00000008
  dwSize . . . . . . . . . . . .	 00000000	 DWord
  bVisible . . . . . . . . . . .	 00000004	 DWord
CONSOLE_SCREEN_BUFFER_INFO . . .	 00000016
  dwSize . . . . . . . . . . . .	 00000000	 DWord
  dwCursorPosition . . . . . . .	 00000004	 DWord
  wAttributes  . . . . . . . . .	 00000008	 Word
  srWindow . . . . . . . . . . .	 0000000A	 QWord
  dwMaximumWindowSize  . . . . .	 00000012	 DWord
COORD  . . . . . . . . . . . . .	 00000004
  X  . . . . . . . . . . . . . .	 00000000	 Word
  Y  . . . . . . . . . . . . . .	 00000002	 Word
FILETIME . . . . . . . . . . . .	 00000008
  loDateTime . . . . . . . . . .	 00000000	 DWord
  hiDateTime . . . . . . . . . .	 00000004	 DWord
FOCUS_EVENT_RECORD . . . . . . .	 00000004
  bSetFocus  . . . . . . . . . .	 00000000	 DWord
FPU_ENVIRON  . . . . . . . . . .	 0000001C
  controlWord  . . . . . . . . .	 00000000	 Word
  statusWord . . . . . . . . . .	 00000004	 Word
  tagWord  . . . . . . . . . . .	 00000008	 Word
  instrPointerOffset . . . . . .	 0000000C	 DWord
  instrPointerSelector . . . . .	 00000010	 DWord
  operandPointerOffset . . . . .	 00000014	 DWord
  operandPointerSelector . . . .	 00000018	 Word
INPUT_RECORD . . . . . . . . . .	 00000014
  EventType  . . . . . . . . . .	 00000000	 Word
  Event  . . . . . . . . . . . .	 00000004	 XmmWord
  bKeyDown . . . . . . . . . . .	 00000000	 DWord
  wRepeatCount . . . . . . . . .	 00000004	 Word
  wVirtualKeyCode  . . . . . . .	 00000006	 Word
  wVirtualScanCode . . . . . . .	 00000008	 Word
  uChar  . . . . . . . . . . . .	 0000000A	 Word
  UnicodeChar  . . . . . . . . .	 00000000	 Word
  AsciiChar  . . . . . . . . . .	 00000000	 Byte
  dwControlKeyState  . . . . . .	 0000000C	 DWord
  dwMousePosition  . . . . . . .	 00000000	 DWord
  dwButtonState  . . . . . . . .	 00000004	 DWord
  dwMouseControlKeyState . . . .	 00000008	 DWord
  dwEventFlags . . . . . . . . .	 0000000C	 DWord
  dwSize . . . . . . . . . . . .	 00000000	 DWord
  dwCommandId  . . . . . . . . .	 00000000	 DWord
  bSetFocus  . . . . . . . . . .	 00000000	 DWord
KEY_EVENT_RECORD . . . . . . . .	 00000010
  bKeyDown . . . . . . . . . . .	 00000000	 DWord
  wRepeatCount . . . . . . . . .	 00000004	 Word
  wVirtualKeyCode  . . . . . . .	 00000006	 Word
  wVirtualScanCode . . . . . . .	 00000008	 Word
  uChar  . . . . . . . . . . . .	 0000000A	 Word
  UnicodeChar  . . . . . . . . .	 00000000	 Word
  AsciiChar  . . . . . . . . . .	 00000000	 Byte
  dwControlKeyState  . . . . . .	 0000000C	 DWord
MENU_EVENT_RECORD  . . . . . . .	 00000004
  dwCommandId  . . . . . . . . .	 00000000	 DWord
MOUSE_EVENT_RECORD . . . . . . .	 00000010
  dwMousePosition  . . . . . . .	 00000000	 DWord
  dwButtonState  . . . . . . . .	 00000004	 DWord
  dwMouseControlKeyState . . . .	 00000008	 DWord
  dwEventFlags . . . . . . . . .	 0000000C	 DWord
SMALL_RECT . . . . . . . . . . .	 00000008
  Left . . . . . . . . . . . . .	 00000000	 Word
  Top  . . . . . . . . . . . . .	 00000002	 Word
  Right  . . . . . . . . . . . .	 00000004	 Word
  Bottom . . . . . . . . . . . .	 00000006	 Word
SYSTEMTIME . . . . . . . . . . .	 00000010
  wYear  . . . . . . . . . . . .	 00000000	 Word
  wMonth . . . . . . . . . . . .	 00000002	 Word
  wDayOfWeek . . . . . . . . . .	 00000004	 Word
  wDay . . . . . . . . . . . . .	 00000006	 Word
  wHour  . . . . . . . . . . . .	 00000008	 Word
  wMinute  . . . . . . . . . . .	 0000000A	 Word
  wSecond  . . . . . . . . . . .	 0000000C	 Word
  wMilliseconds  . . . . . . . .	 0000000E	 Word
WINDOW_BUFFER_SIZE_RECORD  . . .	 00000004
  dwSize . . . . . . . . . . . .	 00000000	 DWord


Segments and Groups:

                N a m e                 Size     Length   Align   Combine Class

FLAT . . . . . . . . . . . . . .	GROUP
STACK  . . . . . . . . . . . . .	32 Bit	 00001000 Para	  Stack	  'STACK'	 
_DATA  . . . . . . . . . . . . .	32 Bit	 000076A0 Para	  Public  'DATA'	
_TEXT  . . . . . . . . . . . . .	32 Bit	 0000021F Para	  Public  'CODE'	


Procedures, parameters, and locals:

                N a m e                 Type     Value    Attr

CloseFile  . . . . . . . . . . .	P Near	 00000000 FLAT	Length= 00000000 External STDCALL
CloseHandle  . . . . . . . . . .	P Near	 00000000 FLAT	Length= 00000000 External STDCALL
Clrscr . . . . . . . . . . . . .	P Near	 00000000 FLAT	Length= 00000000 External STDCALL
CreateFileA  . . . . . . . . . .	P Near	 00000000 FLAT	Length= 00000000 External STDCALL
CreateOutputFile . . . . . . . .	P Near	 00000000 FLAT	Length= 00000000 External STDCALL
Crlf . . . . . . . . . . . . . .	P Near	 00000000 FLAT	Length= 00000000 External STDCALL
Decryption . . . . . . . . . . .	P Near	 0000021F _TEXT	Length= 00000000 Public STDCALL
Delay  . . . . . . . . . . . . .	P Near	 00000000 FLAT	Length= 00000000 External STDCALL
DumpMem  . . . . . . . . . . . .	P Near	 00000000 FLAT	Length= 00000000 External STDCALL
DumpRegs . . . . . . . . . . . .	P Near	 00000000 FLAT	Length= 00000000 External STDCALL
Encryption . . . . . . . . . . .	P Near	 0000021F _TEXT	Length= 00000000 Public STDCALL
ExitProcess  . . . . . . . . . .	P Near	 00000000 FLAT	Length= 00000000 External STDCALL
FileTimeToDosDateTime  . . . . .	P Near	 00000000 FLAT	Length= 00000000 External STDCALL
FileTimeToSystemTime . . . . . .	P Near	 00000000 FLAT	Length= 00000000 External STDCALL
FlushConsoleInputBuffer  . . . .	P Near	 00000000 FLAT	Length= 00000000 External STDCALL
FormatMessageA . . . . . . . . .	P Near	 00000000 FLAT	Length= 00000000 External STDCALL
GetCommandLineA  . . . . . . . .	P Near	 00000000 FLAT	Length= 00000000 External STDCALL
GetCommandTail . . . . . . . . .	P Near	 00000000 FLAT	Length= 00000000 External STDCALL
GetConsoleCP . . . . . . . . . .	P Near	 00000000 FLAT	Length= 00000000 External STDCALL
GetConsoleCursorInfo . . . . . .	P Near	 00000000 FLAT	Length= 00000000 External STDCALL
GetConsoleMode . . . . . . . . .	P Near	 00000000 FLAT	Length= 00000000 External STDCALL
GetConsoleScreenBufferInfo . . .	P Near	 00000000 FLAT	Length= 00000000 External STDCALL
GetDateTime  . . . . . . . . . .	P Near	 00000000 FLAT	Length= 00000000 External STDCALL
GetFileTime  . . . . . . . . . .	P Near	 00000000 FLAT	Length= 00000000 External STDCALL
GetKeyState  . . . . . . . . . .	P Near	 00000000 FLAT	Length= 00000000 External STDCALL
GetLastError . . . . . . . . . .	P Near	 00000000 FLAT	Length= 00000000 External STDCALL
GetLocalTime . . . . . . . . . .	P Near	 00000000 FLAT	Length= 00000000 External STDCALL
GetMaxXY . . . . . . . . . . . .	P Near	 00000000 FLAT	Length= 00000000 External STDCALL
GetMseconds  . . . . . . . . . .	P Near	 00000000 FLAT	Length= 00000000 External STDCALL
GetNumberOfConsoleInputEvents  .	P Near	 00000000 FLAT	Length= 00000000 External STDCALL
GetProcessHeap . . . . . . . . .	P Near	 00000000 FLAT	Length= 00000000 External STDCALL
GetStdHandle . . . . . . . . . .	P Near	 00000000 FLAT	Length= 00000000 External STDCALL
GetSystemTime  . . . . . . . . .	P Near	 00000000 FLAT	Length= 00000000 External STDCALL
GetTextColor . . . . . . . . . .	P Near	 00000000 FLAT	Length= 00000000 External STDCALL
GetTickCount . . . . . . . . . .	P Near	 00000000 FLAT	Length= 00000000 External STDCALL
Gotoxy . . . . . . . . . . . . .	P Near	 00000000 FLAT	Length= 00000000 External STDCALL
HeapAlloc  . . . . . . . . . . .	P Near	 00000000 FLAT	Length= 00000000 External STDCALL
HeapCreate . . . . . . . . . . .	P Near	 00000000 FLAT	Length= 00000000 External STDCALL
HeapDestroy  . . . . . . . . . .	P Near	 00000000 FLAT	Length= 00000000 External STDCALL
HeapFree . . . . . . . . . . . .	P Near	 00000000 FLAT	Length= 00000000 External STDCALL
HeapSize . . . . . . . . . . . .	P Near	 00000000 FLAT	Length= 00000000 External STDCALL
IsDigit  . . . . . . . . . . . .	P Near	 00000000 FLAT	Length= 00000000 External STDCALL
LocalFree  . . . . . . . . . . .	P Near	 00000000 FLAT	Length= 00000000 External STDCALL
MessageBoxA  . . . . . . . . . .	P Near	 00000000 FLAT	Length= 00000000 External STDCALL
MsgBoxAsk  . . . . . . . . . . .	P Near	 00000000 FLAT	Length= 00000000 External STDCALL
MsgBox . . . . . . . . . . . . .	P Near	 00000000 FLAT	Length= 00000000 External STDCALL
OpenInputFile  . . . . . . . . .	P Near	 00000000 FLAT	Length= 00000000 External STDCALL
ParseDecimal32 . . . . . . . . .	P Near	 00000000 FLAT	Length= 00000000 External STDCALL
ParseInteger32 . . . . . . . . .	P Near	 00000000 FLAT	Length= 00000000 External STDCALL
PeekConsoleInputA  . . . . . . .	P Near	 00000000 FLAT	Length= 00000000 External STDCALL
Random32 . . . . . . . . . . . .	P Near	 00000000 FLAT	Length= 00000000 External STDCALL
RandomRange  . . . . . . . . . .	P Near	 00000000 FLAT	Length= 00000000 External STDCALL
Randomize  . . . . . . . . . . .	P Near	 00000000 FLAT	Length= 00000000 External STDCALL
ReadChar . . . . . . . . . . . .	P Near	 00000000 FLAT	Length= 00000000 External STDCALL
ReadConsoleA . . . . . . . . . .	P Near	 00000000 FLAT	Length= 00000000 External STDCALL
ReadConsoleInputA  . . . . . . .	P Near	 00000000 FLAT	Length= 00000000 External STDCALL
ReadDec  . . . . . . . . . . . .	P Near	 00000000 FLAT	Length= 00000000 External STDCALL
ReadFile . . . . . . . . . . . .	P Near	 00000000 FLAT	Length= 00000000 External STDCALL
ReadFloat  . . . . . . . . . . .	P Near	 00000000 FLAT	Length= 00000000 External STDCALL
ReadFromFile . . . . . . . . . .	P Near	 00000000 FLAT	Length= 00000000 External STDCALL
ReadHex  . . . . . . . . . . . .	P Near	 00000000 FLAT	Length= 00000000 External STDCALL
ReadInt  . . . . . . . . . . . .	P Near	 00000000 FLAT	Length= 00000000 External STDCALL
ReadKeyFlush . . . . . . . . . .	P Near	 00000000 FLAT	Length= 00000000 External STDCALL
ReadKey  . . . . . . . . . . . .	P Near	 00000000 FLAT	Length= 00000000 External STDCALL
ReadString . . . . . . . . . . .	P Near	 00000000 FLAT	Length= 00000000 External STDCALL
SetConsoleCursorInfo . . . . . .	P Near	 00000000 FLAT	Length= 00000000 External STDCALL
SetConsoleCursorPosition . . . .	P Near	 00000000 FLAT	Length= 00000000 External STDCALL
SetConsoleMode . . . . . . . . .	P Near	 00000000 FLAT	Length= 00000000 External STDCALL
SetConsoleScreenBufferSize . . .	P Near	 00000000 FLAT	Length= 00000000 External STDCALL
SetConsoleTextAttribute  . . . .	P Near	 00000000 FLAT	Length= 00000000 External STDCALL
SetConsoleTitleA . . . . . . . .	P Near	 00000000 FLAT	Length= 00000000 External STDCALL
SetConsoleWindowInfo . . . . . .	P Near	 00000000 FLAT	Length= 00000000 External STDCALL
SetFilePointer . . . . . . . . .	P Near	 00000000 FLAT	Length= 00000000 External STDCALL
SetLocalTime . . . . . . . . . .	P Near	 00000000 FLAT	Length= 00000000 External STDCALL
SetTextColor . . . . . . . . . .	P Near	 00000000 FLAT	Length= 00000000 External STDCALL
ShowFPUStack . . . . . . . . . .	P Near	 00000000 FLAT	Length= 00000000 External STDCALL
Sleep  . . . . . . . . . . . . .	P Near	 00000000 FLAT	Length= 00000000 External STDCALL
StrLength  . . . . . . . . . . .	P Near	 00000000 FLAT	Length= 00000000 External STDCALL
Str_compare  . . . . . . . . . .	P Near	 00000000 FLAT	Length= 00000000 External STDCALL
Str_copy . . . . . . . . . . . .	P Near	 00000000 FLAT	Length= 00000000 External STDCALL
Str_length . . . . . . . . . . .	P Near	 00000000 FLAT	Length= 00000000 External STDCALL
Str_trim . . . . . . . . . . . .	P Near	 00000000 FLAT	Length= 00000000 External STDCALL
Str_ucase  . . . . . . . . . . .	P Near	 00000000 FLAT	Length= 00000000 External STDCALL
SystemTimeToFileTime . . . . . .	P Near	 00000000 FLAT	Length= 00000000 External STDCALL
WaitMsg  . . . . . . . . . . . .	P Near	 00000000 FLAT	Length= 00000000 External STDCALL
WriteBinB  . . . . . . . . . . .	P Near	 00000000 FLAT	Length= 00000000 External STDCALL
WriteBin . . . . . . . . . . . .	P Near	 00000000 FLAT	Length= 00000000 External STDCALL
WriteChar  . . . . . . . . . . .	P Near	 00000000 FLAT	Length= 00000000 External STDCALL
WriteConsoleA  . . . . . . . . .	P Near	 00000000 FLAT	Length= 00000000 External STDCALL
WriteConsoleOutputAttribute  . .	P Near	 00000000 FLAT	Length= 00000000 External STDCALL
WriteConsoleOutputCharacterA . .	P Near	 00000000 FLAT	Length= 00000000 External STDCALL
WriteDec . . . . . . . . . . . .	P Near	 00000000 FLAT	Length= 00000000 External STDCALL
WriteFile  . . . . . . . . . . .	P Near	 00000000 FLAT	Length= 00000000 External STDCALL
WriteFloat . . . . . . . . . . .	P Near	 00000000 FLAT	Length= 00000000 External STDCALL
WriteHexB  . . . . . . . . . . .	P Near	 00000000 FLAT	Length= 00000000 External STDCALL
WriteHex . . . . . . . . . . . .	P Near	 00000000 FLAT	Length= 00000000 External STDCALL
WriteInt . . . . . . . . . . . .	P Near	 00000000 FLAT	Length= 00000000 External STDCALL
WriteStackFrameName  . . . . . .	P Near	 00000000 FLAT	Length= 00000000 External STDCALL
WriteStackFrame  . . . . . . . .	P Near	 00000000 FLAT	Length= 00000000 External STDCALL
WriteString  . . . . . . . . . .	P Near	 00000000 FLAT	Length= 00000000 External STDCALL
WriteToFile  . . . . . . . . . .	P Near	 00000000 FLAT	Length= 00000000 External STDCALL
WriteWindowsMsg  . . . . . . . .	P Near	 00000000 FLAT	Length= 00000000 External STDCALL
main . . . . . . . . . . . . . .	P Near	 00000000 _TEXT	Length= 0000021F Public STDCALL
  Initial  . . . . . . . . . . .	L Near	 00000000 _TEXT	
  Decrypt  . . . . . . . . . . .	L Near	 00000109 _TEXT	
  OpenFileError  . . . . . . . .	L Near	 000001E3 _TEXT	
  file_readError . . . . . . . .	L Near	 000001F7 _TEXT	
  writeFalse_Error . . . . . . .	L Near	 0000020B _TEXT	
printf . . . . . . . . . . . . .	P Near	 00000000 FLAT	Length= 00000000 External C
scanf  . . . . . . . . . . . . .	P Near	 00000000 FLAT	Length= 00000000 External C
wsprintfA  . . . . . . . . . . .	P Near	 00000000 FLAT	Length= 00000000 External C


Symbols:

                N a m e                 Type     Value    Attr

@CodeSize  . . . . . . . . . . .	Number	 00000000h   
@DataSize  . . . . . . . . . . .	Number	 00000000h   
@Interface . . . . . . . . . . .	Number	 00000003h   
@Model . . . . . . . . . . . . .	Number	 00000007h   
@code  . . . . . . . . . . . . .	Text   	 _TEXT
@data  . . . . . . . . . . . . .	Text   	 FLAT
@fardata?  . . . . . . . . . . .	Text   	 FLAT
@fardata . . . . . . . . . . . .	Text   	 FLAT
@stack . . . . . . . . . . . . .	Text   	 FLAT
ALT_MASK . . . . . . . . . . . .	Number	 00000003h   
BUFFER . . . . . . . . . . . . .	Number	 00003A98h   
CAPSLOCK_ON  . . . . . . . . . .	Number	 00000080h   
CREATE_ALWAYS  . . . . . . . . .	Number	 00000002h   
CREATE_NEW . . . . . . . . . . .	Number	 00000001h   
CTRL_MASK  . . . . . . . . . . .	Number	 0000000Ch   
CreateFile . . . . . . . . . . .	Text   	 CreateFileA
DO_NOT_SHARE . . . . . . . . . .	Number	 00000000h   
ENABLE_ECHO_INPUT  . . . . . . .	Number	 00000004h   
ENABLE_LINE_INPUT  . . . . . . .	Number	 00000002h   
ENABLE_MOUSE_INPUT . . . . . . .	Number	 00000010h   
ENABLE_PROCESSED_INPUT . . . . .	Number	 00000001h   
ENABLE_PROCESSED_OUTPUT  . . . .	Number	 00000001h   
ENABLE_WINDOW_INPUT  . . . . . .	Number	 00000008h   
ENABLE_WRAP_AT_EOL_OUTPUT  . . .	Number	 00000002h   
ENHANCED_KEY . . . . . . . . . .	Number	 00000100h   
FALSE  . . . . . . . . . . . . .	Number	 00000000h   
FILE_APPEND_DATA . . . . . . . .	Number	 00000004h   
FILE_ATTRIBUTE_ARCHIVE . . . . .	Number	 00000020h   
FILE_ATTRIBUTE_COMPRESSED  . . .	Number	 00000800h   
FILE_ATTRIBUTE_DEVICE  . . . . .	Number	 00000040h   
FILE_ATTRIBUTE_DIRECTORY . . . .	Number	 00000010h   
FILE_ATTRIBUTE_ENCRYPTED . . . .	Number	 00004000h   
FILE_ATTRIBUTE_HIDDEN  . . . . .	Number	 00000002h   
FILE_ATTRIBUTE_NORMAL  . . . . .	Number	 00000080h   
FILE_ATTRIBUTE_NOT_CONTENT_INDEXED .	Number	 00002000h   
FILE_ATTRIBUTE_OFFLINE . . . . .	Number	 00001000h   
FILE_ATTRIBUTE_READONLY  . . . .	Number	 00000001h   
FILE_ATTRIBUTE_REPARSE_POINT . .	Number	 00000400h   
FILE_ATTRIBUTE_SPARSE_FILE . . .	Number	 00000200h   
FILE_ATTRIBUTE_SYSTEM  . . . . .	Number	 00000004h   
FILE_ATTRIBUTE_TEMPORARY . . . .	Number	 00000100h   
FILE_BEGIN . . . . . . . . . . .	Number	 00000000h   
FILE_CURRENT . . . . . . . . . .	Number	 00000001h   
FILE_DELETE_CHILD  . . . . . . .	Number	 00000040h   
FILE_END . . . . . . . . . . . .	Number	 00000002h   
FILE_READ_DATA . . . . . . . . .	Number	 00000001h   
FILE_SHARE_DELETE  . . . . . . .	Number	 00000004h   
FILE_SHARE_READ  . . . . . . . .	Number	 00000001h   
FILE_SHARE_WRITE . . . . . . . .	Number	 00000002h   
FILE_WRITE_DATA  . . . . . . . .	Number	 00000002h   
FOCUS_EVENT  . . . . . . . . . .	Number	 00000010h   
FORMAT_MESSAGE_ALLOCATE_BUFFER .	Number	 00000100h   
FORMAT_MESSAGE_FROM_SYSTEM . . .	Number	 00001000h   
FormatMessage  . . . . . . . . .	Text   	 FormatMessageA
GENERIC_ALL  . . . . . . . . . .	Number	 10000000h   
GENERIC_EXECUTE  . . . . . . . .	Number	 20000000h   
GENERIC_READ . . . . . . . . . .	Number	 -80000000h   
GENERIC_WRITE  . . . . . . . . .	Number	 40000000h   
GetCommandLine . . . . . . . . .	Text   	 GetCommandLineA
HANDLE . . . . . . . . . . . . .	Text   	 DWORD
HEAP_GENERATE_EXCEPTIONS . . . .	Number	 00000004h   
HEAP_GROWABLE  . . . . . . . . .	Number	 00000002h   
HEAP_NO_SERIALIZE  . . . . . . .	Number	 00000001h   
HEAP_REALLOC_IN_PLACE_ONLY . . .	Number	 00000010h   
HEAP_ZERO_MEMORY . . . . . . . .	Number	 00000008h   
IDABORT  . . . . . . . . . . . .	Number	 00000003h   
IDCANCEL . . . . . . . . . . . .	Number	 00000002h   
IDCLOSE  . . . . . . . . . . . .	Number	 00000008h   
IDCONTINUE . . . . . . . . . . .	Number	 0000000Bh   
IDHELP . . . . . . . . . . . . .	Number	 00000009h   
IDIGNORE . . . . . . . . . . . .	Number	 00000005h   
IDNO . . . . . . . . . . . . . .	Number	 00000007h   
IDOK . . . . . . . . . . . . . .	Number	 00000001h   
IDRETRY  . . . . . . . . . . . .	Number	 00000004h   
IDTIMEOUT  . . . . . . . . . . .	Number	 00007D00h   
IDTRYAGAIN . . . . . . . . . . .	Number	 0000000Ah   
IDYES  . . . . . . . . . . . . .	Number	 00000006h   
INVALID_HANDLE_VALUE . . . . . .	Number	 -00000001h   
KBDOWN_FLAG  . . . . . . . . . .	Number	 00000001h   
KEY_EVENT  . . . . . . . . . . .	Number	 00000001h   
KEY_MASKS  . . . . . . . . . . .	Number	 0000001Fh   
LEFT_ALT_PRESSED . . . . . . . .	Number	 00000002h   
LEFT_CTRL_PRESSED  . . . . . . .	Number	 00000008h   
MB_ABORTRETRYIGNORE  . . . . . .	Number	 00000002h   
MB_APPLMODAL . . . . . . . . . .	Number	 00000000h   
MB_CANCELTRYCONTINUE . . . . . .	Number	 00000006h   
MB_DEFBUTTON1  . . . . . . . . .	Number	 00000000h   
MB_DEFBUTTON2  . . . . . . . . .	Number	 00000100h   
MB_DEFBUTTON3  . . . . . . . . .	Number	 00000200h   
MB_DEFBUTTON4  . . . . . . . . .	Number	 00000300h   
MB_HELP  . . . . . . . . . . . .	Number	 00004000h   
MB_ICONASTERISK  . . . . . . . .	Number	 00000040h   
MB_ICONERROR . . . . . . . . . .	Number	 00000010h   
MB_ICONEXCLAMATION . . . . . . .	Number	 00000030h   
MB_ICONHAND  . . . . . . . . . .	Number	 00000010h   
MB_ICONINFORMATION . . . . . . .	Number	 00000040h   
MB_ICONQUESTION  . . . . . . . .	Number	 00000020h   
MB_ICONSTOP  . . . . . . . . . .	Number	 00000010h   
MB_ICONWARNING . . . . . . . . .	Number	 00000030h   
MB_OKCANCEL  . . . . . . . . . .	Number	 00000001h   
MB_OK  . . . . . . . . . . . . .	Number	 00000000h   
MB_RETRYCANCEL . . . . . . . . .	Number	 00000005h   
MB_SYSTEMMODAL . . . . . . . . .	Number	 00001000h   
MB_TASKMODAL . . . . . . . . . .	Number	 00002000h   
MB_USERICON  . . . . . . . . . .	Number	 00000080h   
MB_YESNOCANCEL . . . . . . . . .	Number	 00000003h   
MB_YESNO . . . . . . . . . . . .	Number	 00000004h   
MENU_EVENT . . . . . . . . . . .	Number	 00000008h   
MOUSE_EVENT  . . . . . . . . . .	Number	 00000002h   
MessageBox . . . . . . . . . . .	Text   	 MessageBoxA
NULL . . . . . . . . . . . . . .	Number	 00000000h   
NUMLOCK_ON . . . . . . . . . . .	Number	 00000020h   
OPEN_ALWAYS  . . . . . . . . . .	Number	 00000004h   
OPEN_EXISTING  . . . . . . . . .	Number	 00000003h   
PeekConsoleInput . . . . . . . .	Text   	 PeekConsoleInputA
RIGHT_ALT_PRESSED  . . . . . . .	Number	 00000001h   
RIGHT_CTRL_PRESSED . . . . . . .	Number	 00000004h   
ReadConsoleInput . . . . . . . .	Text   	 ReadConsoleInputA
ReadConsole  . . . . . . . . . .	Text   	 ReadConsoleA
SCROLLLOCK_ON  . . . . . . . . .	Number	 00000040h   
SHIFT_MASK . . . . . . . . . . .	Number	 00000010h   
SHIFT_PRESSED  . . . . . . . . .	Number	 00000010h   
STD_ERROR_HANDLE . . . . . . . .	Number	 -0000000Ch   
STD_INPUT_HANDLE . . . . . . . .	Number	 -0000000Ah   
STD_OUTPUT_HANDLE  . . . . . . .	Number	 -0000000Bh   
SetConsoleTitle  . . . . . . . .	Text   	 SetConsoleTitleA
TAB  . . . . . . . . . . . . . .	Number	 00000009h   
TRUE . . . . . . . . . . . . . .	Number	 00000001h   
TRUNCATE_EXISTING  . . . . . . .	Number	 00000005h   
VK_11  . . . . . . . . . . . . .	Number	 000000BDh   
VK_12  . . . . . . . . . . . . .	Number	 000000BBh   
VK_ADD . . . . . . . . . . . . .	Number	 0000006Bh   
VK_BACK  . . . . . . . . . . . .	Number	 00000008h   
VK_CANCEL  . . . . . . . . . . .	Number	 00000003h   
VK_CAPITAL . . . . . . . . . . .	Number	 00000014h   
VK_CLEAR . . . . . . . . . . . .	Number	 0000000Ch   
VK_CONTROL . . . . . . . . . . .	Number	 00000011h   
VK_DECIMAL . . . . . . . . . . .	Number	 0000006Eh   
VK_DELETE  . . . . . . . . . . .	Number	 0000002Eh   
VK_DIVIDE  . . . . . . . . . . .	Number	 0000006Fh   
VK_DOWN  . . . . . . . . . . . .	Number	 00000028h   
VK_END . . . . . . . . . . . . .	Number	 00000023h   
VK_ESCAPE  . . . . . . . . . . .	Number	 0000001Bh   
VK_EXECUTE . . . . . . . . . . .	Number	 0000002Bh   
VK_F10 . . . . . . . . . . . . .	Number	 00000079h   
VK_F11 . . . . . . . . . . . . .	Number	 0000007Ah   
VK_F12 . . . . . . . . . . . . .	Number	 0000007Bh   
VK_F13 . . . . . . . . . . . . .	Number	 0000007Ch   
VK_F14 . . . . . . . . . . . . .	Number	 0000007Dh   
VK_F15 . . . . . . . . . . . . .	Number	 0000007Eh   
VK_F16 . . . . . . . . . . . . .	Number	 0000007Fh   
VK_F17 . . . . . . . . . . . . .	Number	 00000080h   
VK_F18 . . . . . . . . . . . . .	Number	 00000081h   
VK_F19 . . . . . . . . . . . . .	Number	 00000082h   
VK_F1  . . . . . . . . . . . . .	Number	 00000070h   
VK_F20 . . . . . . . . . . . . .	Number	 00000083h   
VK_F21 . . . . . . . . . . . . .	Number	 00000084h   
VK_F22 . . . . . . . . . . . . .	Number	 00000085h   
VK_F23 . . . . . . . . . . . . .	Number	 00000086h   
VK_F24 . . . . . . . . . . . . .	Number	 00000087h   
VK_F2  . . . . . . . . . . . . .	Number	 00000071h   
VK_F3  . . . . . . . . . . . . .	Number	 00000072h   
VK_F4  . . . . . . . . . . . . .	Number	 00000073h   
VK_F5  . . . . . . . . . . . . .	Number	 00000074h   
VK_F6  . . . . . . . . . . . . .	Number	 00000075h   
VK_F7  . . . . . . . . . . . . .	Number	 00000076h   
VK_F8  . . . . . . . . . . . . .	Number	 00000077h   
VK_F9  . . . . . . . . . . . . .	Number	 00000078h   
VK_HELP  . . . . . . . . . . . .	Number	 0000002Fh   
VK_HOME  . . . . . . . . . . . .	Number	 00000024h   
VK_INSERT  . . . . . . . . . . .	Number	 0000002Dh   
VK_LBUTTON . . . . . . . . . . .	Number	 00000001h   
VK_LCONTROL  . . . . . . . . . .	Number	 000000A2h   
VK_LEFT  . . . . . . . . . . . .	Number	 00000025h   
VK_LMENU . . . . . . . . . . . .	Number	 000000A4h   
VK_LSHIFT  . . . . . . . . . . .	Number	 000000A0h   
VK_MENU  . . . . . . . . . . . .	Number	 00000012h   
VK_MULTIPLY  . . . . . . . . . .	Number	 0000006Ah   
VK_NEXT  . . . . . . . . . . . .	Number	 00000022h   
VK_NUMLOCK . . . . . . . . . . .	Number	 00000090h   
VK_NUMPAD0 . . . . . . . . . . .	Number	 00000060h   
VK_NUMPAD1 . . . . . . . . . . .	Number	 00000061h   
VK_NUMPAD2 . . . . . . . . . . .	Number	 00000062h   
VK_NUMPAD3 . . . . . . . . . . .	Number	 00000063h   
VK_NUMPAD4 . . . . . . . . . . .	Number	 00000064h   
VK_NUMPAD5 . . . . . . . . . . .	Number	 00000065h   
VK_NUMPAD6 . . . . . . . . . . .	Number	 00000066h   
VK_NUMPAD7 . . . . . . . . . . .	Number	 00000067h   
VK_NUMPAD8 . . . . . . . . . . .	Number	 00000068h   
VK_NUMPAD9 . . . . . . . . . . .	Number	 00000069h   
VK_PAUSE . . . . . . . . . . . .	Number	 00000013h   
VK_PRINT . . . . . . . . . . . .	Number	 0000002Ah   
VK_PRIOR . . . . . . . . . . . .	Number	 00000021h   
VK_RBUTTON . . . . . . . . . . .	Number	 00000002h   
VK_RCONTROL  . . . . . . . . . .	Number	 000000A3h   
VK_RETURN  . . . . . . . . . . .	Number	 0000000Dh   
VK_RIGHT . . . . . . . . . . . .	Number	 00000027h   
VK_RMENU . . . . . . . . . . . .	Number	 000000A5h   
VK_RSHIFT  . . . . . . . . . . .	Number	 000000A1h   
VK_SCROLL  . . . . . . . . . . .	Number	 00000091h   
VK_SEPARATER . . . . . . . . . .	Number	 0000006Ch   
VK_SHIFT . . . . . . . . . . . .	Number	 00000010h   
VK_SNAPSHOT  . . . . . . . . . .	Number	 0000002Ch   
VK_SPACE . . . . . . . . . . . .	Number	 00000020h   
VK_SUBTRACT  . . . . . . . . . .	Number	 0000006Dh   
VK_TAB . . . . . . . . . . . . .	Number	 00000009h   
VK_UP  . . . . . . . . . . . . .	Number	 00000026h   
WINDOW_BUFFER_SIZE_EVENT . . . .	Number	 00000004h   
WriteConsoleOutputCharacter  . .	Text   	 WriteConsoleOutputCharacterA
WriteConsole . . . . . . . . . .	Text   	 WriteConsoleA
black  . . . . . . . . . . . . .	Number	 00000000h   
blue . . . . . . . . . . . . . .	Number	 00000001h   
brown  . . . . . . . . . . . . .	Number	 00000006h   
cPrompt  . . . . . . . . . . . .	Byte	 00000055 _DATA	
choice . . . . . . . . . . . . .	Byte	 000000D7 _DATA	
cyan . . . . . . . . . . . . . .	Number	 00000003h   
dPrompt  . . . . . . . . . . . .	Byte	 000000BC _DATA	
decryptKey . . . . . . . . . . .	DWord	 000000E0 _DATA	
ePrompt  . . . . . . . . . . . .	Byte	 000000A1 _DATA	
encryptKey . . . . . . . . . . .	DWord	 000000DC _DATA	
exit . . . . . . . . . . . . . .	Text   	 INVOKE ExitProcess,0
fileData . . . . . . . . . . . .	Byte	 0000016D _DATA	
fileHandle . . . . . . . . . . .	DWord	 00000126 _DATA	
gray . . . . . . . . . . . . . .	Number	 00000008h   
green  . . . . . . . . . . . . .	Number	 00000002h   
iBuffer  . . . . . . . . . . . .	Byte	 00000100 _DATA	
iByteCount . . . . . . . . . . .	DWord	 0000011E _DATA	
inFileName . . . . . . . . . . .	DWord	 00000122 _DATA	
inFilePrompt . . . . . . . . . .	Byte	 000000E4 _DATA	
inputError . . . . . . . . . . .	Byte	 00000000 _DATA	
lightBlue  . . . . . . . . . . .	Number	 00000009h   
lightCyan  . . . . . . . . . . .	Number	 0000000Bh   
lightGray  . . . . . . . . . . .	Number	 00000007h   
lightGreen . . . . . . . . . . .	Number	 0000000Ah   
lightMagenta . . . . . . . . . .	Number	 0000000Dh   
lightRed . . . . . . . . . . . .	Number	 0000000Ch   
magenta  . . . . . . . . . . . .	Number	 00000005h   
manipData  . . . . . . . . . . .	Byte	 00003C08 _DATA	
nPrompt  . . . . . . . . . . . .	Byte	 00000086 _DATA	
nValue . . . . . . . . . . . . .	DWord	 000000D8 _DATA	
oBuffer  . . . . . . . . . . . .	Byte	 0000014B _DATA	
outFilePrompt  . . . . . . . . .	Byte	 0000012A _DATA	
outFilename  . . . . . . . . . .	DWord	 00000169 _DATA	
readinError  . . . . . . . . . .	Byte	 0000001A _DATA	
red  . . . . . . . . . . . . . .	Number	 00000004h   
white  . . . . . . . . . . . . .	Number	 0000000Fh   
writeError . . . . . . . . . . .	Byte	 00000038 _DATA	
wsprintf . . . . . . . . . . . .	Text   	 wsprintfA
yellow . . . . . . . . . . . . .	Number	 0000000Eh   

	   0 Warnings
	   0 Errors
